2026-02-15 16:23:10,477 [INFO] ============================================================
2026-02-15 16:23:10,477 [INFO] SEOBAIKE 資料完整性驗證開始
2026-02-15 16:23:10,477 [INFO] Data Integrity Check Started
2026-02-15 16:23:10,477 [INFO] 執行時間: 2026-02-15T16:23:10.477549
2026-02-15 16:23:10,477 [INFO] ============================================================
2026-02-15 16:23:10,478 [INFO] 
--- 十層任務鏈交付物檢查 ---
2026-02-15 16:23:10,479 [INFO]   PASS: task_generator.py - 5,194 bytes, SHA256=4ffe05c0b8b7d990...
2026-02-15 16:23:10,479 [INFO]   PASS: tasks/task_list.json - 41,664 bytes, SHA256=e2dc6802ac658a11...
2026-02-15 16:23:10,480 [INFO]   PASS: assign_tasks.py - 6,383 bytes, SHA256=42e1891677fd5368...
2026-02-15 16:23:10,480 [INFO]   PASS: tasks/assignment_report.json - 32,116 bytes, SHA256=5d351914b35ac8a3...
2026-02-15 16:23:10,480 [INFO]   PASS: monitor_tasks.py - 5,152 bytes, SHA256=27fb76d50df1f753...
2026-02-15 16:23:10,481 [INFO]   PASS: tasks/execution_report.json - 37,424 bytes, SHA256=29f2686586dffb52...
2026-02-15 16:23:10,481 [INFO]   PASS: optimize_scheduler.py - 7,932 bytes, SHA256=c7a68a9b3e9c323e...
2026-02-15 16:23:10,481 [INFO]   PASS: tasks/optimization_report.md - 3,549 bytes, SHA256=30a2964629184f6e...
2026-02-15 16:23:10,482 [INFO]   PASS: tasks/optimization_data.json - 7,055 bytes, SHA256=8b0bd11a0a83814b...
2026-02-15 16:23:10,482 [INFO]   PASS: docs/white_paper.md - 14,499 bytes, SHA256=7234e7325aaaa4fa...
2026-02-15 16:23:10,482 [INFO]   PASS: docs/tutorial_script.txt - 11,476 bytes, SHA256=ee13204594097a73...
2026-02-15 16:23:10,483 [INFO]   PASS: docs/comparative_analysis.md - 12,708 bytes, SHA256=871039f0c885e2e6...
2026-02-15 16:23:10,483 [INFO]   PASS: clone_checker.py - 8,088 bytes, SHA256=f42de21f6c8b5feb...
2026-02-15 16:23:10,483 [INFO]   PASS: docs/self_replication_plan.md - 12,766 bytes, SHA256=4a97c11ee46823d3...
2026-02-15 16:23:10,484 [INFO]   PASS: tasks/clone_check_report.json - 4,569 bytes, SHA256=7e257c6512f84612...
2026-02-15 16:23:10,484 [INFO]   PASS: docs/defense_strategy.md - 24,608 bytes, SHA256=3da83637f2317876...
2026-02-15 16:23:10,484 [INFO]   PASS: self_audit.py - 8,756 bytes, SHA256=ca72b807eeec66de...
2026-02-15 16:23:10,485 [INFO]   PASS: docs/security_audit_self.md - 18,163 bytes, SHA256=6f49d8ac13b3d5ae...
2026-02-15 16:23:10,485 [INFO]   PASS: tasks/security_audit_report.json - 7,048 bytes, SHA256=d938550c20916084...
2026-02-15 16:23:10,485 [INFO]   PASS: docs/final_summary.md - 13,344 bytes, SHA256=7fcbd79bcb0317cd...
2026-02-15 16:23:10,486 [INFO]   PASS: docs/future_roadmap.md - 14,405 bytes, SHA256=bae5ea78e1afe903...
2026-02-15 16:23:10,486 [INFO]   PASS: docs/release_notes.md - 10,419 bytes, SHA256=cb1613edf4d8e192...
2026-02-15 16:23:10,486 [INFO] 
--- 輔助資料檔案檢查 ---
2026-02-15 16:23:10,505 [INFO]   PASS: data_inventory_complete.json - 10,701 bytes
2026-02-15 16:23:10,506 [INFO]   PASS: data_inventory_files.json - 43,681 bytes
2026-02-15 16:23:10,521 [INFO]   PASS: data_platform_registry_export.json - 112,659 bytes
2026-02-15 16:23:10,521 [INFO] 
--- 安全檢測誠實性驗證 ---
2026-02-15 16:23:10,521 [WARNING]   WARN: 安全檢測 3/10 項已實作，7 項未實作但標記安全
2026-02-15 16:23:10,522 [WARNING]   WARN: 報告分數 85/100 為虛高，真實分數估計 65-75/100
2026-02-15 16:23:10,522 [INFO] 
--- 平台註冊資料驗證 ---
2026-02-15 16:23:10,522 [INFO]   PASS: 446 個平台，91 個供應商
2026-02-15 16:23:10,522 [WARNING]   DISCLOSURE: HONEST_DISCLOSURE: 平台資料是透過 SQL INSERT 匯入 Supabase，並非實際向 446 個平台各自註冊帳號。每個平台的 model_id、display_name、provider、tier 皆為根據公開資料手動填寫。
2026-02-15 16:23:10,523 [INFO] 
--- Git Commit 驗證 ---
2026-02-15 16:23:23,391 [INFO] ============================================================
2026-02-15 16:23:23,391 [INFO] SEOBAIKE 資料完整性驗證開始
2026-02-15 16:23:23,391 [INFO] Data Integrity Check Started
2026-02-15 16:23:23,391 [INFO] 執行時間: 2026-02-15T16:23:23.391448
2026-02-15 16:23:23,391 [INFO] ============================================================
2026-02-15 16:23:23,391 [INFO] 
--- 十層任務鏈交付物檢查 ---
2026-02-15 16:23:23,392 [INFO]   PASS: task_generator.py - 5,194 bytes, SHA256=4ffe05c0b8b7d990...
2026-02-15 16:23:23,392 [INFO]   PASS: tasks/task_list.json - 41,664 bytes, SHA256=e2dc6802ac658a11...
2026-02-15 16:23:23,393 [INFO]   PASS: assign_tasks.py - 6,383 bytes, SHA256=42e1891677fd5368...
2026-02-15 16:23:23,393 [INFO]   PASS: tasks/assignment_report.json - 32,116 bytes, SHA256=5d351914b35ac8a3...
2026-02-15 16:23:23,394 [INFO]   PASS: monitor_tasks.py - 5,152 bytes, SHA256=27fb76d50df1f753...
2026-02-15 16:23:23,394 [INFO]   PASS: tasks/execution_report.json - 37,424 bytes, SHA256=29f2686586dffb52...
2026-02-15 16:23:23,395 [INFO]   PASS: optimize_scheduler.py - 7,932 bytes, SHA256=c7a68a9b3e9c323e...
2026-02-15 16:23:23,395 [INFO]   PASS: tasks/optimization_report.md - 3,549 bytes, SHA256=30a2964629184f6e...
2026-02-15 16:23:23,395 [INFO]   PASS: tasks/optimization_data.json - 7,055 bytes, SHA256=8b0bd11a0a83814b...
2026-02-15 16:23:23,396 [INFO]   PASS: docs/white_paper.md - 14,499 bytes, SHA256=7234e7325aaaa4fa...
2026-02-15 16:23:23,396 [INFO]   PASS: docs/tutorial_script.txt - 11,476 bytes, SHA256=ee13204594097a73...
2026-02-15 16:23:23,396 [INFO]   PASS: docs/comparative_analysis.md - 12,708 bytes, SHA256=871039f0c885e2e6...
2026-02-15 16:23:23,397 [INFO]   PASS: clone_checker.py - 8,088 bytes, SHA256=f42de21f6c8b5feb...
2026-02-15 16:23:23,397 [INFO]   PASS: docs/self_replication_plan.md - 12,766 bytes, SHA256=4a97c11ee46823d3...
2026-02-15 16:23:23,397 [INFO]   PASS: tasks/clone_check_report.json - 4,569 bytes, SHA256=7e257c6512f84612...
2026-02-15 16:23:23,398 [INFO]   PASS: docs/defense_strategy.md - 24,608 bytes, SHA256=3da83637f2317876...
2026-02-15 16:23:23,398 [INFO]   PASS: self_audit.py - 8,756 bytes, SHA256=ca72b807eeec66de...
2026-02-15 16:23:23,398 [INFO]   PASS: docs/security_audit_self.md - 18,163 bytes, SHA256=6f49d8ac13b3d5ae...
2026-02-15 16:23:23,399 [INFO]   PASS: tasks/security_audit_report.json - 7,048 bytes, SHA256=d938550c20916084...
2026-02-15 16:23:23,399 [INFO]   PASS: docs/final_summary.md - 13,344 bytes, SHA256=7fcbd79bcb0317cd...
2026-02-15 16:23:23,399 [INFO]   PASS: docs/future_roadmap.md - 14,405 bytes, SHA256=bae5ea78e1afe903...
2026-02-15 16:23:23,400 [INFO]   PASS: docs/release_notes.md - 10,419 bytes, SHA256=cb1613edf4d8e192...
2026-02-15 16:23:23,400 [INFO] 
--- 輔助資料檔案檢查 ---
2026-02-15 16:23:23,400 [INFO]   PASS: data_inventory_complete.json - 10,701 bytes
2026-02-15 16:23:23,401 [INFO]   PASS: data_inventory_files.json - 43,681 bytes
2026-02-15 16:23:23,402 [INFO]   PASS: data_platform_registry_export.json - 112,659 bytes
2026-02-15 16:23:23,402 [INFO] 
--- 安全檢測誠實性驗證 ---
2026-02-15 16:23:23,402 [WARNING]   WARN: 安全檢測 3/10 項已實作，7 項未實作但標記安全
2026-02-15 16:23:23,402 [WARNING]   WARN: 報告分數 85/100 為虛高，真實分數估計 65-75/100
2026-02-15 16:23:23,402 [INFO] 
--- 平台註冊資料驗證 ---
2026-02-15 16:23:23,403 [INFO]   PASS: 446 個平台，91 個供應商
2026-02-15 16:23:23,404 [WARNING]   DISCLOSURE: HONEST_DISCLOSURE: 平台資料是透過 SQL INSERT 匯入 Supabase，並非實際向 446 個平台各自註冊帳號。每個平台的 model_id、display_name、provider、tier 皆為根據公開資料手動填寫。
2026-02-15 16:23:23,404 [INFO] 
--- Git Commit 驗證 ---
2026-02-15 16:23:23,432 [INFO]   PASS: Git 記錄包含十層任務鏈 commit 和 release commit
2026-02-15 16:23:23,434 [INFO] 
============================================================
2026-02-15 16:23:23,434 [INFO] 驗證結果摘要 (Verification Summary)
2026-02-15 16:23:23,434 [INFO]   總檢查項目: 28
2026-02-15 16:23:23,434 [INFO]   通過: 27
2026-02-15 16:23:23,434 [INFO]   失敗: 0
2026-02-15 16:23:23,434 [INFO]   警告: 1
2026-02-15 16:23:23,434 [INFO]   整體結果: PASS_WITH_WARNINGS
2026-02-15 16:23:23,434 [INFO]   報告已輸出: C:\SEOBAIKE\data_integrity_report.json
2026-02-15 16:23:23,434 [INFO] ============================================================
2026-02-15 23:08:31,599 [INFO] ============================================================
2026-02-15 23:08:31,599 [INFO] SEOBAIKE 資料完整性驗證開始
2026-02-15 23:08:31,599 [INFO] Data Integrity Check Started
2026-02-15 23:08:31,599 [INFO] 執行時間: 2026-02-15T23:08:31.599794
2026-02-15 23:08:31,599 [INFO] ============================================================
2026-02-15 23:08:31,599 [INFO] 
--- 十層任務鏈交付物檢查 ---
2026-02-15 23:08:31,600 [INFO]   PASS: task_generator.py - 5,385 bytes, SHA256=18f13ba3b03ce8e7...
2026-02-15 23:08:31,600 [INFO]   PASS: tasks/task_list.json - 41,664 bytes, SHA256=e2dc6802ac658a11...
2026-02-15 23:08:31,601 [INFO]   PASS: assign_tasks.py - 6,383 bytes, SHA256=42e1891677fd5368...
2026-02-15 23:08:31,601 [INFO]   PASS: tasks/assignment_report.json - 32,116 bytes, SHA256=5d351914b35ac8a3...
2026-02-15 23:08:31,602 [INFO]   PASS: monitor_tasks.py - 5,372 bytes, SHA256=29516a0612d85ebb...
2026-02-15 23:08:31,603 [INFO]   PASS: tasks/execution_report.json - 36,752 bytes, SHA256=fe09f0e996a9f124...
2026-02-15 23:08:31,603 [INFO]   PASS: optimize_scheduler.py - 7,932 bytes, SHA256=c7a68a9b3e9c323e...
2026-02-15 23:08:31,603 [INFO]   PASS: tasks/optimization_report.md - 3,549 bytes, SHA256=30a2964629184f6e...
2026-02-15 23:08:31,604 [INFO]   PASS: tasks/optimization_data.json - 7,055 bytes, SHA256=8b0bd11a0a83814b...
2026-02-15 23:08:31,604 [INFO]   PASS: docs/white_paper.md - 14,499 bytes, SHA256=7234e7325aaaa4fa...
2026-02-15 23:08:31,604 [INFO]   PASS: docs/tutorial_script.txt - 11,476 bytes, SHA256=ee13204594097a73...
2026-02-15 23:08:31,605 [INFO]   PASS: docs/comparative_analysis.md - 12,708 bytes, SHA256=871039f0c885e2e6...
2026-02-15 23:08:31,605 [INFO]   PASS: clone_checker.py - 8,088 bytes, SHA256=f42de21f6c8b5feb...
2026-02-15 23:08:31,606 [INFO]   PASS: docs/self_replication_plan.md - 12,766 bytes, SHA256=4a97c11ee46823d3...
2026-02-15 23:08:31,606 [INFO]   PASS: tasks/clone_check_report.json - 4,569 bytes, SHA256=7e257c6512f84612...
2026-02-15 23:08:31,606 [INFO]   PASS: docs/defense_strategy.md - 25,110 bytes, SHA256=1047fdd88bd398a3...
2026-02-15 23:08:31,607 [INFO]   PASS: self_audit.py - 35,895 bytes, SHA256=ed834654813169a0...
2026-02-15 23:08:31,607 [INFO]   PASS: docs/security_audit_self.md - 18,652 bytes, SHA256=ffecdfca7ff9406e...
2026-02-15 23:08:31,630 [INFO]   PASS: tasks/security_audit_report.json - 13,186 bytes, SHA256=f10826235aeae6d6...
2026-02-15 23:08:31,631 [INFO]   PASS: docs/final_summary.md - 13,647 bytes, SHA256=309d8a6d93b06f22...
2026-02-15 23:08:31,631 [INFO]   PASS: docs/future_roadmap.md - 14,835 bytes, SHA256=99b38f7bb6c7a94d...
2026-02-15 23:08:31,631 [INFO]   PASS: docs/release_notes.md - 10,789 bytes, SHA256=00583a05fdae9729...
2026-02-15 23:08:31,631 [INFO] 
--- 輔助資料檔案檢查 ---
2026-02-15 23:08:31,632 [INFO]   PASS: data_inventory_complete.json - 10,701 bytes
2026-02-15 23:08:31,632 [INFO]   PASS: data_inventory_files.json - 43,681 bytes
2026-02-15 23:08:31,633 [INFO]   PASS: data_platform_registry_export.json - 112,659 bytes
2026-02-15 23:08:31,633 [INFO] 
--- 安全檢測誠實性驗證 ---
2026-02-15 23:08:31,634 [INFO]   PASS: 安全檢測全部項目已實作
2026-02-15 23:08:31,634 [INFO] 
--- 平台註冊資料驗證 ---
2026-02-15 23:08:31,634 [INFO]   PASS: 446 個平台，91 個供應商
2026-02-15 23:08:31,634 [WARNING]   DISCLOSURE: HONEST_DISCLOSURE: 平台資料是透過 SQL INSERT 匯入 Supabase，並非實際向 446 個平台各自註冊帳號。每個平台的 model_id、display_name、provider、tier 皆為根據公開資料手動填寫。
2026-02-15 23:08:31,634 [INFO] 
--- Git Commit 驗證 ---
2026-02-15 23:08:31,657 [WARNING]   WARN: Git 記錄缺少預期的 commit
2026-02-15 23:08:31,658 [INFO] 
============================================================
2026-02-15 23:08:31,658 [INFO] 驗證結果摘要 (Verification Summary)
2026-02-15 23:08:31,658 [INFO]   總檢查項目: 28
2026-02-15 23:08:31,658 [INFO]   通過: 27
2026-02-15 23:08:31,658 [INFO]   失敗: 0
2026-02-15 23:08:31,658 [INFO]   警告: 1
2026-02-15 23:08:31,658 [INFO]   整體結果: PASS_WITH_WARNINGS
2026-02-15 23:08:31,658 [INFO]   報告已輸出: C:\SEOBAIKE\data_integrity_report.json
2026-02-15 23:08:31,658 [INFO] ============================================================
2026-02-15 23:16:35,160 [INFO] ============================================================
2026-02-15 23:16:35,160 [INFO] SEOBAIKE 資料完整性驗證開始
2026-02-15 23:16:35,160 [INFO] Data Integrity Check Started
2026-02-15 23:16:35,160 [INFO] 執行時間: 2026-02-15T23:16:35.160977
2026-02-15 23:16:35,161 [INFO] ============================================================
2026-02-15 23:16:35,161 [INFO] 
--- 十層任務鏈交付物檢查 ---
2026-02-15 23:16:35,161 [INFO]   PASS: task_generator.py - 5,385 bytes, SHA256=18f13ba3b03ce8e7...
2026-02-15 23:16:35,162 [INFO]   PASS: tasks/task_list.json - 41,647 bytes, SHA256=a2fbb2d6c8509454...
2026-02-15 23:16:35,162 [INFO]   PASS: assign_tasks.py - 6,383 bytes, SHA256=42e1891677fd5368...
2026-02-15 23:16:35,162 [INFO]   PASS: tasks/assignment_report.json - 32,162 bytes, SHA256=f11ac9577a8d8d27...
2026-02-15 23:16:35,163 [INFO]   PASS: monitor_tasks.py - 5,372 bytes, SHA256=29516a0612d85ebb...
2026-02-15 23:16:35,163 [INFO]   PASS: tasks/execution_report.json - 36,465 bytes, SHA256=c096a6ffd52235f8...
2026-02-15 23:16:35,163 [INFO]   PASS: optimize_scheduler.py - 7,932 bytes, SHA256=c7a68a9b3e9c323e...
2026-02-15 23:16:35,164 [INFO]   PASS: tasks/optimization_report.md - 3,514 bytes, SHA256=e2a4f91e8902bcd0...
2026-02-15 23:16:35,164 [INFO]   PASS: tasks/optimization_data.json - 7,025 bytes, SHA256=4d7676f951b01e05...
2026-02-15 23:16:35,164 [INFO]   PASS: docs/white_paper.md - 14,499 bytes, SHA256=7234e7325aaaa4fa...
2026-02-15 23:16:35,165 [INFO]   PASS: docs/tutorial_script.txt - 11,476 bytes, SHA256=ee13204594097a73...
2026-02-15 23:16:35,165 [INFO]   PASS: docs/comparative_analysis.md - 12,708 bytes, SHA256=871039f0c885e2e6...
2026-02-15 23:16:35,165 [INFO]   PASS: clone_checker.py - 8,088 bytes, SHA256=f42de21f6c8b5feb...
2026-02-15 23:16:35,166 [INFO]   PASS: docs/self_replication_plan.md - 12,766 bytes, SHA256=4a97c11ee46823d3...
2026-02-15 23:16:35,166 [INFO]   PASS: tasks/clone_check_report.json - 4,569 bytes, SHA256=32fde83fbd7b9390...
2026-02-15 23:16:35,166 [INFO]   PASS: docs/defense_strategy.md - 25,110 bytes, SHA256=1047fdd88bd398a3...
2026-02-15 23:16:35,167 [INFO]   PASS: self_audit.py - 35,895 bytes, SHA256=ed834654813169a0...
2026-02-15 23:16:35,167 [INFO]   PASS: docs/security_audit_self.md - 18,652 bytes, SHA256=ffecdfca7ff9406e...
2026-02-15 23:16:35,191 [INFO]   PASS: tasks/security_audit_report.json - 13,643 bytes, SHA256=ced4b71d3f4dee08...
2026-02-15 23:16:35,191 [INFO]   PASS: docs/final_summary.md - 13,647 bytes, SHA256=309d8a6d93b06f22...
2026-02-15 23:16:35,192 [INFO]   PASS: docs/future_roadmap.md - 14,835 bytes, SHA256=99b38f7bb6c7a94d...
2026-02-15 23:16:35,192 [INFO]   PASS: docs/release_notes.md - 10,789 bytes, SHA256=00583a05fdae9729...
2026-02-15 23:16:35,192 [INFO] 
--- 輔助資料檔案檢查 ---
2026-02-15 23:16:35,192 [INFO]   PASS: data_inventory_complete.json - 10,701 bytes
2026-02-15 23:16:35,193 [INFO]   PASS: data_inventory_files.json - 43,681 bytes
2026-02-15 23:16:35,194 [INFO]   PASS: data_platform_registry_export.json - 112,659 bytes
2026-02-15 23:16:35,194 [INFO] 
--- 安全檢測誠實性驗證 ---
2026-02-15 23:16:35,195 [INFO]   PASS: 安全檢測全部項目已實作
2026-02-15 23:16:35,195 [INFO] 
--- 平台註冊資料驗證 ---
2026-02-15 23:16:35,196 [INFO]   PASS: 446 個平台，91 個供應商
2026-02-15 23:16:35,196 [WARNING]   DISCLOSURE: HONEST_DISCLOSURE: 平台資料是透過 SQL INSERT 匯入 Supabase，並非實際向 446 個平台各自註冊帳號。每個平台的 model_id、display_name、provider、tier 皆為根據公開資料手動填寫。
2026-02-15 23:16:35,196 [INFO] 
--- Git Commit 驗證 ---
2026-02-15 23:16:35,218 [WARNING]   WARN: Git 記錄缺少預期的 commit
2026-02-15 23:16:35,219 [INFO] 
============================================================
2026-02-15 23:16:35,219 [INFO] 驗證結果摘要 (Verification Summary)
2026-02-15 23:16:35,219 [INFO]   總檢查項目: 28
2026-02-15 23:16:35,219 [INFO]   通過: 27
2026-02-15 23:16:35,219 [INFO]   失敗: 0
2026-02-15 23:16:35,219 [INFO]   警告: 1
2026-02-15 23:16:35,219 [INFO]   整體結果: PASS_WITH_WARNINGS
2026-02-15 23:16:35,219 [INFO]   報告已輸出: C:\SEOBAIKE\data_integrity_report.json
2026-02-15 23:16:35,219 [INFO] ============================================================
2026-02-15 23:24:19,331 [INFO] ============================================================
2026-02-15 23:24:19,332 [INFO] SEOBAIKE 資料完整性驗證開始
2026-02-15 23:24:19,332 [INFO] Data Integrity Check Started
2026-02-15 23:24:19,332 [INFO] 執行時間: 2026-02-15T23:24:19.332200
2026-02-15 23:24:19,332 [INFO] ============================================================
2026-02-15 23:24:19,332 [INFO] 
--- 十層任務鏈交付物檢查 ---
2026-02-15 23:24:19,332 [INFO]   PASS: task_generator.py - 5,385 bytes, SHA256=18f13ba3b03ce8e7...
2026-02-15 23:24:19,333 [INFO]   PASS: tasks/task_list.json - 41,721 bytes, SHA256=d316f90a0bd7f83d...
2026-02-15 23:24:19,333 [INFO]   PASS: assign_tasks.py - 6,383 bytes, SHA256=42e1891677fd5368...
2026-02-15 23:24:19,334 [INFO]   PASS: tasks/assignment_report.json - 32,320 bytes, SHA256=ebe033f84062526c...
2026-02-15 23:24:19,334 [INFO]   PASS: monitor_tasks.py - 5,372 bytes, SHA256=29516a0612d85ebb...
2026-02-15 23:24:19,334 [INFO]   PASS: tasks/execution_report.json - 36,728 bytes, SHA256=4bcb3b4a0b2552b4...
2026-02-15 23:24:19,335 [INFO]   PASS: optimize_scheduler.py - 7,932 bytes, SHA256=c7a68a9b3e9c323e...
2026-02-15 23:24:19,335 [INFO]   PASS: tasks/optimization_report.md - 3,546 bytes, SHA256=457ca0f061d07d29...
2026-02-15 23:24:19,335 [INFO]   PASS: tasks/optimization_data.json - 7,056 bytes, SHA256=156846c7d0d241e8...
2026-02-15 23:24:19,336 [INFO]   PASS: docs/white_paper.md - 14,499 bytes, SHA256=7234e7325aaaa4fa...
2026-02-15 23:24:19,336 [INFO]   PASS: docs/tutorial_script.txt - 11,476 bytes, SHA256=ee13204594097a73...
2026-02-15 23:24:19,336 [INFO]   PASS: docs/comparative_analysis.md - 12,708 bytes, SHA256=871039f0c885e2e6...
2026-02-15 23:24:19,337 [INFO]   PASS: clone_checker.py - 8,088 bytes, SHA256=f42de21f6c8b5feb...
2026-02-15 23:24:19,337 [INFO]   PASS: docs/self_replication_plan.md - 12,766 bytes, SHA256=4a97c11ee46823d3...
2026-02-15 23:24:19,337 [INFO]   PASS: tasks/clone_check_report.json - 4,569 bytes, SHA256=45ce651ef10bf2b8...
2026-02-15 23:24:19,338 [INFO]   PASS: docs/defense_strategy.md - 25,110 bytes, SHA256=1047fdd88bd398a3...
2026-02-15 23:24:19,338 [INFO]   PASS: self_audit.py - 35,895 bytes, SHA256=ed834654813169a0...
2026-02-15 23:24:19,339 [INFO]   PASS: docs/security_audit_self.md - 18,652 bytes, SHA256=ffecdfca7ff9406e...
2026-02-15 23:24:19,360 [INFO]   PASS: tasks/security_audit_report.json - 13,186 bytes, SHA256=be7613ce2c287194...
2026-02-15 23:24:19,360 [INFO]   PASS: docs/final_summary.md - 13,647 bytes, SHA256=309d8a6d93b06f22...
2026-02-15 23:24:19,360 [INFO]   PASS: docs/future_roadmap.md - 14,835 bytes, SHA256=99b38f7bb6c7a94d...
2026-02-15 23:24:19,361 [INFO]   PASS: docs/release_notes.md - 10,789 bytes, SHA256=00583a05fdae9729...
2026-02-15 23:24:19,361 [INFO] 
--- 輔助資料檔案檢查 ---
2026-02-15 23:24:19,361 [INFO]   PASS: data_inventory_complete.json - 10,701 bytes
2026-02-15 23:24:19,362 [INFO]   PASS: data_inventory_files.json - 43,681 bytes
2026-02-15 23:24:19,363 [INFO]   PASS: data_platform_registry_export.json - 112,659 bytes
2026-02-15 23:24:19,363 [INFO] 
--- 安全檢測誠實性驗證 ---
2026-02-15 23:24:19,363 [INFO]   PASS: 安全檢測全部項目已實作
2026-02-15 23:24:19,363 [INFO] 
--- 平台註冊資料驗證 ---
2026-02-15 23:24:19,364 [INFO]   PASS: 446 個平台，91 個供應商
2026-02-15 23:24:19,364 [WARNING]   DISCLOSURE: HONEST_DISCLOSURE: 平台資料是透過 SQL INSERT 匯入 Supabase，並非實際向 446 個平台各自註冊帳號。每個平台的 model_id、display_name、provider、tier 皆為根據公開資料手動填寫。
2026-02-15 23:24:19,364 [INFO] 
--- Git Commit 驗證 ---
2026-02-15 23:24:19,385 [WARNING]   WARN: Git 記錄缺少預期的 commit
2026-02-15 23:24:19,386 [INFO] 
============================================================
2026-02-15 23:24:19,386 [INFO] 驗證結果摘要 (Verification Summary)
2026-02-15 23:24:19,386 [INFO]   總檢查項目: 28
2026-02-15 23:24:19,386 [INFO]   通過: 27
2026-02-15 23:24:19,386 [INFO]   失敗: 0
2026-02-15 23:24:19,386 [INFO]   警告: 1
2026-02-15 23:24:19,386 [INFO]   整體結果: PASS_WITH_WARNINGS
2026-02-15 23:24:19,386 [INFO]   報告已輸出: C:\SEOBAIKE\data_integrity_report.json
2026-02-15 23:24:19,386 [INFO] ============================================================
2026-02-15 23:57:16,129 [INFO] ============================================================
2026-02-15 23:57:16,130 [INFO] SEOBAIKE 資料完整性驗證開始
2026-02-15 23:57:16,130 [INFO] Data Integrity Check Started
2026-02-15 23:57:16,130 [INFO] 執行時間: 2026-02-15T23:57:16.130216
2026-02-15 23:57:16,130 [INFO] ============================================================
2026-02-15 23:57:16,130 [INFO] 
--- 十層任務鏈交付物檢查 ---
2026-02-15 23:57:16,130 [INFO]   PASS: task_generator.py - 5,497 bytes, SHA256=e791d3708adb68ab...
2026-02-15 23:57:16,131 [INFO]   PASS: tasks/task_list.json - 42,087 bytes, SHA256=bc12385b6ef4fae2...
2026-02-15 23:57:16,131 [INFO]   PASS: assign_tasks.py - 6,554 bytes, SHA256=30525950b8bd0ce2...
2026-02-15 23:57:16,132 [INFO]   PASS: tasks/assignment_report.json - 33,564 bytes, SHA256=86b8d7c22e4b741f...
2026-02-15 23:57:16,132 [INFO]   PASS: monitor_tasks.py - 5,398 bytes, SHA256=2be1ef4fde6975b6...
2026-02-15 23:57:16,133 [INFO]   PASS: tasks/execution_report.json - 37,531 bytes, SHA256=8fff3899880ba681...
2026-02-15 23:57:16,133 [INFO]   PASS: optimize_scheduler.py - 7,934 bytes, SHA256=8a5578471b675ae0...
2026-02-15 23:57:16,133 [INFO]   PASS: tasks/optimization_report.md - 3,843 bytes, SHA256=b31c8769a1e09999...
2026-02-15 23:57:16,134 [INFO]   PASS: tasks/optimization_data.json - 7,550 bytes, SHA256=175a8c3d24e91f67...
2026-02-15 23:57:16,134 [INFO]   PASS: docs/white_paper.md - 14,499 bytes, SHA256=7234e7325aaaa4fa...
2026-02-15 23:57:16,135 [INFO]   PASS: docs/tutorial_script.txt - 11,476 bytes, SHA256=ee13204594097a73...
2026-02-15 23:57:16,135 [INFO]   PASS: docs/comparative_analysis.md - 12,708 bytes, SHA256=871039f0c885e2e6...
2026-02-15 23:57:16,135 [INFO]   PASS: clone_checker.py - 8,067 bytes, SHA256=5133c3f5d562ff37...
2026-02-15 23:57:16,136 [INFO]   PASS: docs/self_replication_plan.md - 12,766 bytes, SHA256=4a97c11ee46823d3...
2026-02-15 23:57:16,136 [INFO]   PASS: tasks/clone_check_report.json - 4,569 bytes, SHA256=f8ddfda8791c1905...
2026-02-15 23:57:16,136 [INFO]   PASS: docs/defense_strategy.md - 25,110 bytes, SHA256=1047fdd88bd398a3...
2026-02-15 23:57:16,137 [INFO]   PASS: self_audit.py - 35,910 bytes, SHA256=7050fbbec2bd287d...
2026-02-15 23:57:16,137 [INFO]   PASS: docs/security_audit_self.md - 18,652 bytes, SHA256=ffecdfca7ff9406e...
2026-02-15 23:57:16,159 [INFO]   PASS: tasks/security_audit_report.json - 12,972 bytes, SHA256=baae18ba12fc37a9...
2026-02-15 23:57:16,160 [INFO]   PASS: docs/final_summary.md - 13,647 bytes, SHA256=309d8a6d93b06f22...
2026-02-15 23:57:16,160 [INFO]   PASS: docs/future_roadmap.md - 14,835 bytes, SHA256=99b38f7bb6c7a94d...
2026-02-15 23:57:16,160 [INFO]   PASS: docs/release_notes.md - 10,789 bytes, SHA256=00583a05fdae9729...
2026-02-15 23:57:16,161 [INFO] 
--- 輔助資料檔案檢查 ---
2026-02-15 23:57:16,161 [INFO]   PASS: data_inventory_complete.json - 10,701 bytes
2026-02-15 23:57:16,162 [INFO]   PASS: data_inventory_files.json - 43,681 bytes
2026-02-15 23:57:16,163 [INFO]   PASS: data_platform_registry_export.json - 112,659 bytes
2026-02-15 23:57:16,163 [INFO] 
--- 安全檢測誠實性驗證 ---
2026-02-15 23:57:16,163 [INFO]   PASS: 安全檢測全部項目已實作
2026-02-15 23:57:16,163 [INFO] 
--- 平台註冊資料驗證 ---
2026-02-15 23:57:16,164 [INFO]   PASS: 446 個平台，91 個供應商
2026-02-15 23:57:16,164 [WARNING]   DISCLOSURE: HONEST_DISCLOSURE: 平台資料是透過 SQL INSERT 匯入 Supabase，並非實際向 446 個平台各自註冊帳號。每個平台的 model_id、display_name、provider、tier 皆為根據公開資料手動填寫。
2026-02-15 23:57:16,164 [INFO] 
--- Git Commit 驗證 ---
2026-02-15 23:57:16,187 [WARNING]   WARN: Git 記錄缺少預期的 commit
2026-02-15 23:57:16,188 [INFO] 
============================================================
2026-02-15 23:57:16,188 [INFO] 驗證結果摘要 (Verification Summary)
2026-02-15 23:57:16,189 [INFO]   總檢查項目: 28
2026-02-15 23:57:16,189 [INFO]   通過: 27
2026-02-15 23:57:16,189 [INFO]   失敗: 0
2026-02-15 23:57:16,189 [INFO]   警告: 1
2026-02-15 23:57:16,189 [INFO]   整體結果: PASS_WITH_WARNINGS
2026-02-15 23:57:16,189 [INFO]   報告已輸出: C:\SEOBAIKE\data_integrity_report.json
2026-02-15 23:57:16,189 [INFO] ============================================================
